<?xml version="1.0" encoding="UTF-8"?>
<!-- Generated by org.testng.reporters.JUnitReportReporter -->
<testsuite hostname="MAHESH-ADEPU" failures="0" tests="2" name="testcases.Tc03_LoginDDT" time="7.816" errors="0" timestamp="2024-10-05T15:00:10 IST" skipped="0">
  <testcase classname="testcases.Tc03_LoginDDT" name="verify_loginDDT" time="6.482"/>
  <testcase classname="testcases.Tc03_LoginDDT" name="verify_loginDDT" time="1.334"/>
</testsuite> <!-- testcases.Tc03_LoginDDT -->
