<?xml version="1.0" encoding="UTF-8"?>
<!-- Generated by org.testng.reporters.JUnitReportReporter -->
<testsuite hostname="MAHESH-ADEPU" failures="0" tests="1" name="testcases.Tc02_LoginTest" time="2.877" errors="0" timestamp="2024-10-05T15:00:09 IST" skipped="0">
  <testcase classname="testcases.Tc02_LoginTest" name="verify_Login" time="2.877"/>
</testsuite> <!-- testcases.Tc02_LoginTest -->
