<?xml version="1.0" encoding="UTF-8"?>
<!-- Generated by org.testng.reporters.JUnitReportReporter -->
<testsuite hostname="MAHESH-ADEPU" failures="0" tests="2" name="testcases.Tc03_LoginDDT" time="10.227" errors="0" timestamp="2024-10-05T23:36:20 IST" skipped="0">
  <testcase classname="testcases.Tc03_LoginDDT" name="verify_loginDDT" time="6.873"/>
  <testcase classname="testcases.Tc03_LoginDDT" name="verify_loginDDT" time="3.354"/>
</testsuite> <!-- testcases.Tc03_LoginDDT -->
