<?xml version="1.0" encoding="UTF-8"?>
<!-- Generated by org.testng.reporters.JUnitReportReporter -->
<testsuite hostname="MAHESH-ADEPU" failures="0" tests="2" name="testcases.Tc03_LoginDDT" time="8.493" errors="0" timestamp="2024-10-06T00:03:47 IST" skipped="0">
  <testcase classname="testcases.Tc03_LoginDDT" name="verify_loginDDT" time="3.247"/>
  <system-out/>
  <testcase classname="testcases.Tc03_LoginDDT" name="verify_loginDDT" time="5.246"/>
  <system-out/>
</testsuite> <!-- testcases.Tc03_LoginDDT -->
