<?xml version="1.0" encoding="UTF-8"?>
<!-- Generated by org.testng.reporters.JUnitReportReporter -->
<testsuite hostname="MAHESH-ADEPU" failures="0" tests="1" name="testcases.Tc02_LoginTest" time="7.695" errors="0" timestamp="2024-10-05T22:30:03 IST" skipped="0">
  <testcase classname="testcases.Tc02_LoginTest" name="verify_Login" time="7.695"/>
</testsuite> <!-- testcases.Tc02_LoginTest -->
