<?xml version="1.0" encoding="UTF-8"?>
<!-- Generated by org.testng.reporters.JUnitReportReporter -->
<testsuite hostname="MAHESH-ADEPU" failures="0" tests="1" name="testcases.Tc01_AccountRegistractionTest" time="13.419" errors="0" timestamp="2024-10-05T22:30:03 IST" skipped="0">
  <testcase classname="testcases.Tc01_AccountRegistractionTest" name="verify_Acc_Registration" time="13.419"/>
</testsuite> <!-- testcases.Tc01_AccountRegistractionTest -->
