<?xml version="1.0" encoding="UTF-8"?>
<!-- Generated by org.testng.reporters.JUnitReportReporter -->
<testsuite hostname="MAHESH-ADEPU" failures="0" tests="2" name="testcases.Tc03_LoginDDT" time="9.172" errors="0" timestamp="2024-10-05T22:30:03 IST" skipped="0">
  <testcase classname="testcases.Tc03_LoginDDT" name="verify_loginDDT" time="5.371"/>
  <testcase classname="testcases.Tc03_LoginDDT" name="verify_loginDDT" time="3.801"/>
</testsuite> <!-- testcases.Tc03_LoginDDT -->
