<?xml version="1.0" encoding="UTF-8"?>
<!-- Generated by org.testng.reporters.JUnitReportReporter -->
<testsuite hostname="MAHESH-ADEPU" failures="0" tests="1" name="testcases.Tc01_AccountRegistractionTest" time="6.368" errors="0" timestamp="2024-10-06T00:03:47 IST" skipped="0">
  <testcase classname="testcases.Tc01_AccountRegistractionTest" name="verify_Acc_Registration" time="6.368"/>
  <system-out/>
</testsuite> <!-- testcases.Tc01_AccountRegistractionTest -->
